-------------------------------------------------------------------------------
Test set: praktikum.orderTests.GetOrdersTest
-------------------------------------------------------------------------------
Tests run: 5, Failures: 0, Errors: 4, Skipped: 0, Time elapsed: 8.269 s <<< FAILURE! - in praktikum.orderTests.GetOrdersTest
getAllOrders(praktikum.orderTests.GetOrdersTest)  Time elapsed: 5.882 s  <<< ERROR!
java.lang.ClassCastException: class io.restassured.path.xml.XmlPath cannot be cast to class java.lang.String (io.restassured.path.xml.XmlPath is in unnamed module of loader 'app'; java.lang.String is in module java.base of loader 'bootstrap')
	at praktikum.orderTests.GetOrdersTest.setUp(GetOrdersTest.java:31)

getAllOrders(praktikum.orderTests.GetOrdersTest)  Time elapsed: 5.883 s  <<< ERROR!
java.lang.IllegalArgumentException: Header value cannot be null
	at praktikum.orderTests.GetOrdersTest.tearDown(GetOrdersTest.java:36)

getAuthorizedUserOrders(praktikum.orderTests.GetOrdersTest)  Time elapsed: 0.746 s  <<< ERROR!
java.lang.ClassCastException: class io.restassured.path.xml.XmlPath cannot be cast to class java.lang.String (io.restassured.path.xml.XmlPath is in unnamed module of loader 'app'; java.lang.String is in module java.base of loader 'bootstrap')
	at praktikum.orderTests.GetOrdersTest.setUp(GetOrdersTest.java:31)

getAuthorizedUserOrders(praktikum.orderTests.GetOrdersTest)  Time elapsed: 0.747 s  <<< ERROR!
java.lang.IllegalArgumentException: Header value cannot be null
	at praktikum.orderTests.GetOrdersTest.tearDown(GetOrdersTest.java:36)

