<?xml version="1.0" encoding="UTF-8"?>
<testsuite xmlns:xsi="http://www.w3.org/2001/XMLSchema-instance" xsi:noNamespaceSchemaLocation="https://maven.apache.org/surefire/maven-surefire-plugin/xsd/surefire-test-report.xsd" name="praktikum.orderTests.CreateOrderTest" time="13.336" tests="4" errors="0" skipped="0" failures="1">
  <properties>
[...]
</properties>
  <testcase name="orderWithoutIngredientsCantBeCreated" classname="praktikum.orderTests.CreateOrderTest" time="1.913"/>
  <testcase name="authorizedUserOrderCanBeCreated" classname="praktikum.orderTests.CreateOrderTest" time="7.58"/>
  <testcase name="unAuthorizedUserOrderCantBeCreated" classname="praktikum.orderTests.CreateOrderTest" time="1.895">
    <failure message="Status is incorrect expected:&lt;401&gt; but was:&lt;200&gt;" type="java.lang.AssertionError"><![CDATA[java.lang.AssertionError: Status is incorrect expected:<401> but was:<200>
	at praktikum.orderTests.CreateOrderTest.unAuthorizedUserOrderCantBeCreated(CreateOrderTest.java:62)
]]></failure>
    <system-out><![CDATA[Request method:	POST
Request URI:	https://stellarburgers.nomoreparties.site/api/auth/register
Proxy:			<none>
Request params:	<none>
Query params:	<none>
Form params:	<none>
Path params:	<none>
Headers:		Accept=*/*
				Content-Type=application/json
Cookies:		<none>
Multiparts:		<none>
Body:
{
    "email": "xNCDUuGTcL@qwerty.com",
    "password": "hg8ksM4fMx",
    "name": "kcvwZhRPw"
}
Request method:	GET
Request URI:	https://stellarburgers.nomoreparties.site/api/ingredients
Proxy:			<none>
Request params:	<none>
Query params:	<none>
Form params:	<none>
Path params:	<none>
Headers:		Accept=*/*
				Content-Type=application/json
Cookies:		<none>
Multiparts:		<none>
Body:			<none>
Request method:	POST
Request URI:	https://stellarburgers.nomoreparties.site/api/auth/login
Proxy:			<none>
Request params:	<none>
Query params:	<none>
Form params:	<none>
Path params:	<none>
Headers:		Accept=*/*
				Content-Type=application/json
Cookies:		<none>
Multiparts:		<none>
Body:
{
    "email": "xNCDUuGTcL@qwerty.com",
    "password": "hg8ksM4fMx"
}
Request method:	POST
Request URI:	https://stellarburgers.nomoreparties.site/api/orders
Proxy:			<none>
Request params:	<none>
Query params:	<none>
Form params:	<none>
Path params:	<none>
Headers:		Authorization=
				Accept=*/*
				Content-Type=application/json
Cookies:		<none>
Multiparts:		<none>
Body:
{
    "ingredients": [
        "61c0c5a71d1f82001bdaaa74"
    ]
}
Request method:	DELETE
Request URI:	https://stellarburgers.nomoreparties.site/api/auth/user
Proxy:			<none>
Request params:	<none>
Query params:	<none>
Form params:	<none>
Path params:	<none>
Headers:		Authorization=Bearer eyJhbGciOiJIUzI1NiIsInR5cCI6IkpXVCJ9.eyJpZCI6IjYzYzQxZmE3YzE2MWRhMDAxYjdhY2RhMiIsImlhdCI6MTY3Mzc5NzU0NCwiZXhwIjoxNjczNzk4NzQ0fQ.SsZvtDacabooZt1REmm2uZ-KqCCRKaScEVSDbDgDTqE
				Accept=*/*
				Content-Type=application/json
Cookies:		<none>
Multiparts:		<none>
Body:
{
    "email": "xNCDUuGTcL@qwerty.com",
    "password": "hg8ksM4fMx"
}
]]></system-out>
  </testcase>
  <testcase name="orderWithBrokenHashIngredientsCantBeCreated" classname="praktikum.orderTests.CreateOrderTest" time="1.903"/>
</testsuite>