<?xml version="1.0" encoding="UTF-8"?>
<testsuite xmlns:xsi="http://www.w3.org/2001/XMLSchema-instance" xsi:noNamespaceSchemaLocation="https://maven.apache.org/surefire/maven-surefire-plugin/xsd/surefire-test-report.xsd" name="praktikum.orderTests.GetOrdersTest" time="8.269" tests="5" errors="4" skipped="0" failures="0">
  <properties>
[...]
</properties>
  <testcase name="getAllOrders" classname="praktikum.orderTests.GetOrdersTest" time="5.882">
    <error message="class io.restassured.path.xml.XmlPath cannot be cast to class java.lang.String (io.restassured.path.xml.XmlPath is in unnamed module of loader &apos;app&apos;; java.lang.String is in module java.base of loader &apos;bootstrap&apos;)" type="java.lang.ClassCastException">java.lang.ClassCastException: class io.restassured.path.xml.XmlPath cannot be cast to class java.lang.String (io.restassured.path.xml.XmlPath is in unnamed module of loader 'app'; java.lang.String is in module java.base of loader 'bootstrap')
	at praktikum.orderTests.GetOrdersTest.setUp(GetOrdersTest.java:31)
</error>
    <system-out><![CDATA[Request method:	POST
Request URI:	https://stellarburgers.nomoreparties.site/api/auth/register
Proxy:			<none>
Request params:	<none>
Query params:	<none>
Form params:	<none>
Path params:	<none>
Headers:		Accept=*/*
				Content-Type=application/json
Cookies:		<none>
Multiparts:		<none>
Body:
{
    "email": "h8z6xbxoQv@qwerty.com",
    "password": "qo91OubB5X",
    "name": "tqPlnoQIL"
}
Request method:	POST
Request URI:	https://stellarburgers.nomoreparties.site/api/auth/login
Proxy:			<none>
Request params:	<none>
Query params:	<none>
Form params:	<none>
Path params:	<none>
Headers:		Accept=*/*
				Content-Type=application/json
Cookies:		<none>
Multiparts:		<none>
Body:
{
    "email": "h8z6xbxoQv@qwerty.com",
    "password": "qo91OubB5X"
}
]]></system-out>
  </testcase>
  <testcase name="getAllOrders" classname="praktikum.orderTests.GetOrdersTest" time="5.883">
    <error message="Header value cannot be null" type="java.lang.IllegalArgumentException">java.lang.IllegalArgumentException: Header value cannot be null
	at praktikum.orderTests.GetOrdersTest.tearDown(GetOrdersTest.java:36)
</error>
  </testcase>
  <testcase name="getUnauthorizedUserOrders" classname="praktikum.orderTests.GetOrdersTest" time="1.628"/>
  <testcase name="getAuthorizedUserOrders" classname="praktikum.orderTests.GetOrdersTest" time="0.746">
    <error message="class io.restassured.path.xml.XmlPath cannot be cast to class java.lang.String (io.restassured.path.xml.XmlPath is in unnamed module of loader &apos;app&apos;; java.lang.String is in module java.base of loader &apos;bootstrap&apos;)" type="java.lang.ClassCastException">java.lang.ClassCastException: class io.restassured.path.xml.XmlPath cannot be cast to class java.lang.String (io.restassured.path.xml.XmlPath is in unnamed module of loader 'app'; java.lang.String is in module java.base of loader 'bootstrap')
	at praktikum.orderTests.GetOrdersTest.setUp(GetOrdersTest.java:31)
</error>
    <system-out><![CDATA[Request method:	POST
Request URI:	https://stellarburgers.nomoreparties.site/api/auth/register
Proxy:			<none>
Request params:	<none>
Query params:	<none>
Form params:	<none>
Path params:	<none>
Headers:		Accept=*/*
				Content-Type=application/json
Cookies:		<none>
Multiparts:		<none>
Body:
{
    "email": "eD63KypYBt@qwerty.com",
    "password": "VC5DBCDcgG",
    "name": "edWERknAm"
}
Request method:	POST
Request URI:	https://stellarburgers.nomoreparties.site/api/auth/login
Proxy:			<none>
Request params:	<none>
Query params:	<none>
Form params:	<none>
Path params:	<none>
Headers:		Accept=*/*
				Content-Type=application/json
Cookies:		<none>
Multiparts:		<none>
Body:
{
    "email": "eD63KypYBt@qwerty.com",
    "password": "VC5DBCDcgG"
}
]]></system-out>
  </testcase>
  <testcase name="getAuthorizedUserOrders" classname="praktikum.orderTests.GetOrdersTest" time="0.747">
    <error message="Header value cannot be null" type="java.lang.IllegalArgumentException">java.lang.IllegalArgumentException: Header value cannot be null
	at praktikum.orderTests.GetOrdersTest.tearDown(GetOrdersTest.java:36)
</error>
  </testcase>
</testsuite>